C:\Users\HP-NPC\source\repos\JWTApplication\JWTApplication\ClientApp\dist\out-tsc\e2e\src\app.po.js
C:\Users\HP-NPC\source\repos\JWTApplication\JWTApplication\ClientApp\dist\out-tsc\e2e\src\app.po.js.map
C:\Users\HP-NPC\source\repos\JWTApplication\JWTApplication\ClientApp\dist\out-tsc\e2e\src\app.e2e-spec.js
C:\Users\HP-NPC\source\repos\JWTApplication\JWTApplication\ClientApp\dist\out-tsc\e2e\src\app.e2e-spec.js.map
C:\Users\HP-NPC\source\repos\JWTApplication\JWTApplication\ClientApp\dist\out-tsc\src\app\user\user.component.js
C:\Users\HP-NPC\source\repos\JWTApplication\JWTApplication\ClientApp\dist\out-tsc\src\app\user\user.component.js.map
C:\Users\HP-NPC\source\repos\JWTApplication\JWTApplication\ClientApp\dist\out-tsc\src\app\shared\user.service.js
C:\Users\HP-NPC\source\repos\JWTApplication\JWTApplication\ClientApp\dist\out-tsc\src\app\shared\user.service.js.map
C:\Users\HP-NPC\source\repos\JWTApplication\JWTApplication\ClientApp\dist\out-tsc\src\app\user\registration\registration.component.js
C:\Users\HP-NPC\source\repos\JWTApplication\JWTApplication\ClientApp\dist\out-tsc\src\app\user\registration\registration.component.js.map
C:\Users\HP-NPC\source\repos\JWTApplication\JWTApplication\ClientApp\dist\out-tsc\src\app\user\login\login.component.js
C:\Users\HP-NPC\source\repos\JWTApplication\JWTApplication\ClientApp\dist\out-tsc\src\app\user\login\login.component.js.map
C:\Users\HP-NPC\source\repos\JWTApplication\JWTApplication\ClientApp\dist\out-tsc\src\app\home\home.component.js
C:\Users\HP-NPC\source\repos\JWTApplication\JWTApplication\ClientApp\dist\out-tsc\src\app\home\home.component.js.map
C:\Users\HP-NPC\source\repos\JWTApplication\JWTApplication\ClientApp\dist\out-tsc\src\app\auth\auth.guard.js
C:\Users\HP-NPC\source\repos\JWTApplication\JWTApplication\ClientApp\dist\out-tsc\src\app\auth\auth.guard.js.map
C:\Users\HP-NPC\source\repos\JWTApplication\JWTApplication\ClientApp\dist\out-tsc\src\app\forbidden\forbidden.component.js
C:\Users\HP-NPC\source\repos\JWTApplication\JWTApplication\ClientApp\dist\out-tsc\src\app\forbidden\forbidden.component.js.map
C:\Users\HP-NPC\source\repos\JWTApplication\JWTApplication\ClientApp\dist\out-tsc\src\app\admin-panel\admin-panel.component.js
C:\Users\HP-NPC\source\repos\JWTApplication\JWTApplication\ClientApp\dist\out-tsc\src\app\admin-panel\admin-panel.component.js.map
C:\Users\HP-NPC\source\repos\JWTApplication\JWTApplication\ClientApp\dist\out-tsc\src\app\test\test.component.js
C:\Users\HP-NPC\source\repos\JWTApplication\JWTApplication\ClientApp\dist\out-tsc\src\app\test\test.component.js.map
C:\Users\HP-NPC\source\repos\JWTApplication\JWTApplication\ClientApp\dist\out-tsc\src\app\app-routing.module.js
C:\Users\HP-NPC\source\repos\JWTApplication\JWTApplication\ClientApp\dist\out-tsc\src\app\app-routing.module.js.map
C:\Users\HP-NPC\source\repos\JWTApplication\JWTApplication\ClientApp\dist\out-tsc\src\app\app.component.js
C:\Users\HP-NPC\source\repos\JWTApplication\JWTApplication\ClientApp\dist\out-tsc\src\app\app.component.js.map
C:\Users\HP-NPC\source\repos\JWTApplication\JWTApplication\ClientApp\dist\out-tsc\src\app\auth\auth.interceptor.js
C:\Users\HP-NPC\source\repos\JWTApplication\JWTApplication\ClientApp\dist\out-tsc\src\app\auth\auth.interceptor.js.map
C:\Users\HP-NPC\source\repos\JWTApplication\JWTApplication\ClientApp\dist\out-tsc\src\app\app.module.js
C:\Users\HP-NPC\source\repos\JWTApplication\JWTApplication\ClientApp\dist\out-tsc\src\app\app.module.js.map
C:\Users\HP-NPC\source\repos\JWTApplication\JWTApplication\ClientApp\dist\out-tsc\src\environments\environment.js
C:\Users\HP-NPC\source\repos\JWTApplication\JWTApplication\ClientApp\dist\out-tsc\src\environments\environment.js.map
C:\Users\HP-NPC\source\repos\JWTApplication\JWTApplication\ClientApp\dist\out-tsc\src\main.js
C:\Users\HP-NPC\source\repos\JWTApplication\JWTApplication\ClientApp\dist\out-tsc\src\main.js.map
C:\Users\HP-NPC\source\repos\JWTApplication\JWTApplication\ClientApp\dist\out-tsc\src\polyfills.js
C:\Users\HP-NPC\source\repos\JWTApplication\JWTApplication\ClientApp\dist\out-tsc\src\polyfills.js.map
C:\Users\HP-NPC\source\repos\JWTApplication\JWTApplication\ClientApp\dist\out-tsc\src\test.js
C:\Users\HP-NPC\source\repos\JWTApplication\JWTApplication\ClientApp\dist\out-tsc\src\test.js.map
C:\Users\HP-NPC\source\repos\JWTApplication\JWTApplication\ClientApp\dist\out-tsc\src\app\app.component.spec.js
C:\Users\HP-NPC\source\repos\JWTApplication\JWTApplication\ClientApp\dist\out-tsc\src\app\app.component.spec.js.map
C:\Users\HP-NPC\source\repos\JWTApplication\JWTApplication\ClientApp\dist\out-tsc\src\environments\environment.prod.js
C:\Users\HP-NPC\source\repos\JWTApplication\JWTApplication\ClientApp\dist\out-tsc\src\environments\environment.prod.js.map
